  Engine.cpp
D:\DirectX_11_Engine\-DirectX11_Engine\DirectX11_Engine_01\ErrorLogger.h(4,1): error C2236: 예기치 않은 토큰 'class'입니다. ';'이 없습니다.
D:\DirectX_11_Engine\-DirectX11_Engine\DirectX11_Engine_01\ErrorLogger.h(5,1): error C2059: 구문 오류: '{'
D:\DirectX_11_Engine\-DirectX11_Engine\DirectX11_Engine_01\ErrorLogger.h(5,1): error C2143: 구문 오류: ';'이(가) '{' 앞에 없습니다.
D:\DirectX_11_Engine\-DirectX11_Engine\DirectX11_Engine_01\ErrorLogger.h(5,1): error C2447: '{': 함수 헤더가 없습니다. 이전 스타일의 형식 목록입니까?
  ErrorLogger.cpp
D:\DirectX_11_Engine\-DirectX11_Engine\DirectX11_Engine_01\ErrorLogger.h(4,1): error C2236: 예기치 않은 토큰 'class'입니다. ';'이 없습니다.
D:\DirectX_11_Engine\-DirectX11_Engine\DirectX11_Engine_01\ErrorLogger.h(5,1): error C2059: 구문 오류: '{'
D:\DirectX_11_Engine\-DirectX11_Engine\DirectX11_Engine_01\ErrorLogger.h(5,1): error C2143: 구문 오류: ';'이(가) '{' 앞에 없습니다.
D:\DirectX_11_Engine\-DirectX11_Engine\DirectX11_Engine_01\ErrorLogger.h(5,1): error C2447: '{': 함수 헤더가 없습니다. 이전 스타일의 형식 목록입니까?
D:\DirectX_11_Engine\-DirectX11_Engine\DirectX11_Engine_01\ErrorLogger.cpp(4,22): error C2653: 'ErrorLogger': 클래스 또는 네임스페이스 이름이 아닙니다.
D:\DirectX_11_Engine\-DirectX11_Engine\DirectX11_Engine_01\ErrorLogger.cpp(10,22): error C2653: 'ErrorLogger': 클래스 또는 네임스페이스 이름이 아닙니다.
  Main.cpp
D:\DirectX_11_Engine\-DirectX11_Engine\DirectX11_Engine_01\ErrorLogger.h(4,1): error C2236: 예기치 않은 토큰 'class'입니다. ';'이 없습니다.
D:\DirectX_11_Engine\-DirectX11_Engine\DirectX11_Engine_01\ErrorLogger.h(5,1): error C2059: 구문 오류: '{'
D:\DirectX_11_Engine\-DirectX11_Engine\DirectX11_Engine_01\ErrorLogger.h(5,1): error C2143: 구문 오류: ';'이(가) '{' 앞에 없습니다.
D:\DirectX_11_Engine\-DirectX11_Engine\DirectX11_Engine_01\ErrorLogger.h(5,1): error C2447: '{': 함수 헤더가 없습니다. 이전 스타일의 형식 목록입니까?
  RenderWindow.cpp
D:\DirectX_11_Engine\-DirectX11_Engine\DirectX11_Engine_01\ErrorLogger.h(4,1): error C2236: 예기치 않은 토큰 'class'입니다. ';'이 없습니다.
D:\DirectX_11_Engine\-DirectX11_Engine\DirectX11_Engine_01\ErrorLogger.h(5,1): error C2059: 구문 오류: '{'
D:\DirectX_11_Engine\-DirectX11_Engine\DirectX11_Engine_01\ErrorLogger.h(5,1): error C2143: 구문 오류: ';'이(가) '{' 앞에 없습니다.
D:\DirectX_11_Engine\-DirectX11_Engine\DirectX11_Engine_01\ErrorLogger.h(5,1): error C2447: '{': 함수 헤더가 없습니다. 이전 스타일의 형식 목록입니까?
D:\DirectX_11_Engine\-DirectX11_Engine\DirectX11_Engine_01\RenderWindow.cpp(32,19): error C2653: 'ErrorLogger': 클래스 또는 네임스페이스 이름이 아닙니다.
D:\DirectX_11_Engine\-DirectX11_Engine\DirectX11_Engine_01\RenderWindow.cpp(32,16): error C3861: 'Log': 식별자를 찾을 수 없습니다.
  stdafx.cpp
  StringConverter.cpp
D:\DirectX_11_Engine\-DirectX11_Engine\DirectX11_Engine_01\StringConverter.cpp(4,26): error C2143: 구문 오류: ';'이(가) 'StringConverter::StringToWide' 앞에 없습니다.
D:\DirectX_11_Engine\-DirectX11_Engine\DirectX11_Engine_01\StringConverter.cpp(5,1): error C4430: 형식 지정자가 없습니다. int로 가정합니다. 참고: C++에서는 기본 int를 지원하지 않습니다.
D:\DirectX_11_Engine\-DirectX11_Engine\DirectX11_Engine_01\StringConverter.cpp(5,1): error C2556: 'int StringConverter::StringToWide(std::string)': 오버로드된 함수가 'std::wstring StringConverter::StringToWide(std::string)'과(와) 반환 형식만 다릅니다.
D:\DirectX_11_Engine\-DirectX11_Engine\DirectX11_Engine_01\StringConverter.h(7): message : 'StringConverter::StringToWide' 선언을 참조하십시오.
D:\DirectX_11_Engine\-DirectX11_Engine\DirectX11_Engine_01\StringConverter.cpp(4,26): error C2371: 'StringConverter::StringToWide': 재정의. 기본 형식이 다릅니다.
D:\DirectX_11_Engine\-DirectX11_Engine\DirectX11_Engine_01\StringConverter.h(7): message : 'StringConverter::StringToWide' 선언을 참조하십시오.
D:\DirectX_11_Engine\-DirectX11_Engine\DirectX11_Engine_01\StringConverter.cpp(6,10): error C2872: 'wstring': 모호한 기호입니다.
D:\DirectX_11_Engine\-DirectX11_Engine\DirectX11_Engine_01\StringConverter.cpp(4,1): message : 'StringConverter wstring'일 수 있습니다.
C:\Program Files (x86)\Microsoft Visual Studio\2019\Community\VC\Tools\MSVC\14.27.29110\include\xstring(4565,7): message : 또는       'std::wstring'
D:\DirectX_11_Engine\-DirectX11_Engine\DirectX11_Engine_01\StringConverter.cpp(6,21): error C2872: 'wstring': 모호한 기호입니다.
D:\DirectX_11_Engine\-DirectX11_Engine\DirectX11_Engine_01\StringConverter.cpp(4,1): message : 'StringConverter wstring'일 수 있습니다.
C:\Program Files (x86)\Microsoft Visual Studio\2019\Community\VC\Tools\MSVC\14.27.29110\include\xstring(4565,7): message : 또는       'std::wstring'
D:\DirectX_11_Engine\-DirectX11_Engine\DirectX11_Engine_01\StringConverter.cpp(6,10): error C2146: 구문 오류: ';'이(가) 'wide_string' 식별자 앞에 없습니다.
D:\DirectX_11_Engine\-DirectX11_Engine\DirectX11_Engine_01\StringConverter.cpp(6,10): error C3861: 'wide_string': 식별자를 찾을 수 없습니다.
D:\DirectX_11_Engine\-DirectX11_Engine\DirectX11_Engine_01\StringConverter.cpp(7,9): error C2065: 'wide_string': 선언되지 않은 식별자입니다.
  WindowContainer.cpp
D:\DirectX_11_Engine\-DirectX11_Engine\DirectX11_Engine_01\ErrorLogger.h(4,1): error C2236: 예기치 않은 토큰 'class'입니다. ';'이 없습니다.
D:\DirectX_11_Engine\-DirectX11_Engine\DirectX11_Engine_01\ErrorLogger.h(5,1): error C2059: 구문 오류: '{'
D:\DirectX_11_Engine\-DirectX11_Engine\DirectX11_Engine_01\ErrorLogger.h(5,1): error C2143: 구문 오류: ';'이(가) '{' 앞에 없습니다.
D:\DirectX_11_Engine\-DirectX11_Engine\DirectX11_Engine_01\ErrorLogger.h(5,1): error C2447: '{': 함수 헤더가 없습니다. 이전 스타일의 형식 목록입니까?
  코드를 생성하고 있습니다...
