  Graphics.cpp
C:\Program Files (x86)\Microsoft Visual Studio\2019\Community\VC\Tools\MSVC\14.28.29910\include\memory(3579,1): warning C4267: '초기화 중': 'size_t'에서 '_Ty'(으)로 변환하면서 데이터가 손실될 수 있습니다.
          with
          [
              _Ty=UINT
          ]
D:\DirectX_11_Engine\-DirectX11_Engine\DirectX11_Engine_01\Systems\Graphics\VertexBuffer.h(44): message : 컴파일되는 함수 템플릿 인스턴스화 'std::unique_ptr<UINT,std::default_delete<UINT>> std::make_unique<UINT,size_t,0>(size_t &&)'에 대한 참조를 확인하세요.
D:\DirectX_11_Engine\-DirectX11_Engine\DirectX11_Engine_01\Systems\Graphics\VertexBuffer.h(42): message : 클래스 템플릿 멤버 함수 'HRESULT VertexBuffer<Vertex>::Initialize(ID3D11Device *,T *,UINT)'을(를) 컴파일하는 중입니다.
          with
          [
              T=Vertex
          ]
D:\DirectX_11_Engine\-DirectX11_Engine\DirectX11_Engine_01\Systems\Graphics\Graphics.cpp(329): message : 컴파일되는 함수 템플릿 인스턴스화 'HRESULT VertexBuffer<Vertex>::Initialize(ID3D11Device *,T *,UINT)'에 대한 참조를 확인하세요.
          with
          [
              T=Vertex
          ]
D:\DirectX_11_Engine\-DirectX11_Engine\DirectX11_Engine_01\Systems\Graphics\Graphics.h(39): message : 컴파일되는 클래스 템플릿 인스턴스화 'VertexBuffer<Vertex>'에 대한 참조를 확인하세요.
DirectXTK.lib(BufferHelpers.obj) : warning LNK4099: 'DirectXTK.pdb' PDB를 'DirectXTK.lib(BufferHelpers.obj)' 또는 'D:\DirectX_11_Engine\-DirectX11_Engine\x64\Debug\DirectXTK.pdb'에서 찾을 수 없습니다. 디버그 정보가 없는 것처럼 개체를 링크합니다.
DirectXTK.lib(CommonStates.obj) : warning LNK4099: 'DirectXTK.pdb' PDB를 'DirectXTK.lib(CommonStates.obj)' 또는 'D:\DirectX_11_Engine\-DirectX11_Engine\x64\Debug\DirectXTK.pdb'에서 찾을 수 없습니다. 디버그 정보가 없는 것처럼 개체를 링크합니다.
DirectXTK.lib(BinaryReader.obj) : warning LNK4099: '' PDB를 'DirectXTK.lib(BinaryReader.obj)' 또는 ''에서 찾을 수 없습니다. 디버그 정보가 없는 것처럼 개체를 링크합니다.
DirectXTK.lib(pch.obj) : warning LNK4099: '' PDB를 'DirectXTK.lib(pch.obj)' 또는 ''에서 찾을 수 없습니다. 디버그 정보가 없는 것처럼 개체를 링크합니다.
DirectXTK.lib(SpriteBatch.obj) : warning LNK4099: 'DirectXTK.pdb' PDB를 'DirectXTK.lib(SpriteBatch.obj)' 또는 'D:\DirectX_11_Engine\-DirectX11_Engine\x64\Debug\DirectXTK.pdb'에서 찾을 수 없습니다. 디버그 정보가 없는 것처럼 개체를 링크합니다.
DirectXTK.lib(SpriteFont.obj) : warning LNK4099: 'DirectXTK.pdb' PDB를 'DirectXTK.lib(SpriteFont.obj)' 또는 'D:\DirectX_11_Engine\-DirectX11_Engine\x64\Debug\DirectXTK.pdb'에서 찾을 수 없습니다. 디버그 정보가 없는 것처럼 개체를 링크합니다.
DirectXTK.lib(VertexTypes.obj) : warning LNK4099: 'DirectXTK.pdb' PDB를 'DirectXTK.lib(VertexTypes.obj)' 또는 'D:\DirectX_11_Engine\-DirectX11_Engine\x64\Debug\DirectXTK.pdb'에서 찾을 수 없습니다. 디버그 정보가 없는 것처럼 개체를 링크합니다.
DirectXTK.lib(WICTextureLoader.obj) : warning LNK4099: 'DirectXTK.pdb' PDB를 'DirectXTK.lib(WICTextureLoader.obj)' 또는 'D:\DirectX_11_Engine\-DirectX11_Engine\x64\Debug\DirectXTK.pdb'에서 찾을 수 없습니다. 디버그 정보가 없는 것처럼 개체를 링크합니다.
  DirectX11_Engine_01.vcxproj -> D:\DirectX_11_Engine\-DirectX11_Engine\x64\Debug\DirectX11_Engine_01.exe
